<?xml version="1.0" encoding="UTF-8"?>
<!-- Generated by org.testng.reporters.JUnitXMLReporter -->
<testsuite ignored="1" hostname="01HW2086661" failures="0" tests="1" name="Default test" time="71.411" errors="0" timestamp="2024-06-30T00:08:25 IST">
  <testcase classname="StepDefinition.credilio_journey" name="fetch_the_lead_from_response" time="71.371"/>
  <testcase classname="StepDefinition.credilio_journey" name="fill_the_lead_form_with_detailes" time="0.0">
    <ignored/>
  </testcase> <!-- fill_the_lead_form_with_detailes -->
</testsuite> <!-- Default test -->
