<?xml version="1.0" encoding="UTF-8"?>
<testng-results ignored="1" total="2" passed="1" failed="0" skipped="0">
  <reporter-output>
  </reporter-output>
  <suite started-at="2024-06-30T00:07:13 IST" name="Default suite" finished-at="2024-06-30T00:08:24 IST" duration-ms="71411">
    <groups>
    </groups>
    <test started-at="2024-06-30T00:07:13 IST" name="Default test" finished-at="2024-06-30T00:08:24 IST" duration-ms="71411">
      <class name="StepDefinition.credilio_journey">
        <test-method signature="fetch_the_lead_from_response()[pri:0, instance:StepDefinition.credilio_journey@6340e5f0]" started-at="2024-06-30T00:07:13 IST" name="fetch_the_lead_from_response" finished-at="2024-06-30T00:08:24 IST" duration-ms="71371" status="PASS">
          <reporter-output>
          </reporter-output>
        </test-method> <!-- fetch_the_lead_from_response -->
      </class> <!-- StepDefinition.credilio_journey -->
    </test> <!-- Default test -->
  </suite> <!-- Default suite -->
</testng-results>
