<?xml version="1.0" encoding="UTF-8"?>
<testng-results ignored="0" total="1" passed="1" failed="0" skipped="0">
  <reporter-output>
  </reporter-output>
  <suite started-at="2024-08-01T20:25:21 IST" name="Default suite" finished-at="2024-08-01T20:25:28 IST" duration-ms="7332">
    <groups>
      <group name="cucumber">
        <method signature="AbstractTestNGCucumberTests.runScenario(io.cucumber.testng.PickleWrapper,io.cucumber.testng.FeatureWrapper)[pri:0, instance:TestRunner.testRunner_smoke@14028087]" name="runScenario" class="io.cucumber.testng.AbstractTestNGCucumberTests"/>
      </group> <!-- cucumber -->
    </groups>
    <test started-at="2024-08-01T20:25:21 IST" name="Default test" finished-at="2024-08-01T20:25:28 IST" duration-ms="7332">
      <class name="TestRunner.testRunner_smoke">
        <test-method is-config="true" signature="setUpClass(org.testng.ITestContext)[pri:0, instance:TestRunner.testRunner_smoke@14028087]" started-at="2024-08-01T20:25:21 IST" name="setUpClass" finished-at="2024-08-01T20:25:21 IST" duration-ms="783" status="PASS">
          <params>
            <param index="0">
              <value>
                <![CDATA[org.testng.TestRunner@6f106af8]]>
              </value>
            </param>
          </params>
          <reporter-output>
          </reporter-output>
        </test-method> <!-- setUpClass -->
        <test-method signature="runScenario(io.cucumber.testng.PickleWrapper,io.cucumber.testng.FeatureWrapper)[pri:0, instance:TestRunner.testRunner_smoke@14028087]" started-at="2024-08-01T20:25:21 IST" name="runScenario" description="Runs Cucumber Scenarios" data-provider="scenarios" finished-at="2024-08-01T20:25:28 IST" duration-ms="6319" status="PASS">
          <params>
            <param index="0">
              <value>
                <![CDATA["Approve the lead form"]]>
              </value>
            </param>
            <param index="1">
              <value>
                <![CDATA["Login"]]>
              </value>
            </param>
          </params>
          <reporter-output>
          </reporter-output>
        </test-method> <!-- runScenario -->
        <test-method is-config="true" signature="tearDownClass()[pri:0, instance:TestRunner.testRunner_smoke@14028087]" started-at="2024-08-01T20:25:28 IST" name="tearDownClass" finished-at="2024-08-01T20:25:28 IST" duration-ms="28" status="PASS">
          <reporter-output>
          </reporter-output>
        </test-method> <!-- tearDownClass -->
      </class> <!-- TestRunner.testRunner_smoke -->
    </test> <!-- Default test -->
  </suite> <!-- Default suite -->
</testng-results>
