<?xml version="1.0" encoding="UTF-8"?>
<testng-results ignored="0" total="1" passed="1" failed="0" skipped="0">
  <reporter-output>
  </reporter-output>
  <suite started-at="2024-06-26T17:16:56 IST" name="Default suite" finished-at="2024-06-26T17:16:58 IST" duration-ms="1871">
    <groups>
      <group name="cucumber">
        <method signature="AbstractTestNGCucumberTests.runScenario(io.cucumber.testng.PickleWrapper,io.cucumber.testng.FeatureWrapper)[pri:0, instance:TestRunner.Run@33065d67]" name="runScenario" class="io.cucumber.testng.AbstractTestNGCucumberTests"/>
      </group> <!-- cucumber -->
    </groups>
    <test started-at="2024-06-26T17:16:56 IST" name="Default test" finished-at="2024-06-26T17:16:58 IST" duration-ms="1871">
      <class name="TestRunner.Run">
        <test-method is-config="true" signature="setUpClass(org.testng.ITestContext)[pri:0, instance:TestRunner.Run@33065d67]" started-at="2024-06-26T17:16:56 IST" name="setUpClass" finished-at="2024-06-26T17:16:57 IST" duration-ms="822" status="PASS">
          <params>
            <param index="0">
              <value>
                <![CDATA[org.testng.TestRunner@424de326]]>
              </value>
            </param>
          </params>
          <reporter-output>
          </reporter-output>
        </test-method> <!-- setUpClass -->
        <test-method signature="runScenario(io.cucumber.testng.PickleWrapper,io.cucumber.testng.FeatureWrapper)[pri:0, instance:TestRunner.Run@33065d67]" started-at="2024-06-26T17:16:57 IST" name="runScenario" description="Runs Cucumber Scenarios" data-provider="scenarios" finished-at="2024-06-26T17:16:58 IST" duration-ms="766" status="PASS">
          <params>
            <param index="0">
              <value>
                <![CDATA["Test the Function"]]>
              </value>
            </param>
            <param index="1">
              <value>
                <![CDATA["mapping"]]>
              </value>
            </param>
          </params>
          <reporter-output>
          </reporter-output>
        </test-method> <!-- runScenario -->
        <test-method is-config="true" signature="tearDownClass()[pri:0, instance:TestRunner.Run@33065d67]" started-at="2024-06-26T17:16:58 IST" name="tearDownClass" finished-at="2024-06-26T17:16:58 IST" duration-ms="47" status="PASS">
          <reporter-output>
          </reporter-output>
        </test-method> <!-- tearDownClass -->
      </class> <!-- TestRunner.Run -->
    </test> <!-- Default test -->
  </suite> <!-- Default suite -->
</testng-results>
