<?xml version="1.0" encoding="UTF-8"?>
<testng-results ignored="0" total="9" passed="9" failed="0" skipped="0">
  <reporter-output>
  </reporter-output>
  <suite started-at="2024-10-06T11:45:00 IST" name="Default suite" finished-at="2024-10-06T11:46:29 IST" duration-ms="88723">
    <groups>
      <group name="cucumber">
        <method signature="AbstractTestNGCucumberTests.runScenario(io.cucumber.testng.PickleWrapper,io.cucumber.testng.FeatureWrapper)[pri:0, instance:TestRunner.testRunner_smoke@cecf639]" name="runScenario" class="io.cucumber.testng.AbstractTestNGCucumberTests"/>
      </group> <!-- cucumber -->
    </groups>
    <test started-at="2024-10-06T11:45:00 IST" name="Default test" finished-at="2024-10-06T11:46:29 IST" duration-ms="88723">
      <class name="TestRunner.testRunner_smoke">
        <test-method is-config="true" signature="setUpClass(org.testng.ITestContext)[pri:0, instance:TestRunner.testRunner_smoke@cecf639]" started-at="2024-10-06T11:45:00 IST" name="setUpClass" finished-at="2024-10-06T11:45:01 IST" duration-ms="889" status="PASS">
          <params>
            <param index="0">
              <value>
                <![CDATA[org.testng.TestRunner@3dc39412]]>
              </value>
            </param>
          </params>
          <reporter-output>
          </reporter-output>
        </test-method> <!-- setUpClass -->
        <test-method signature="runScenario(io.cucumber.testng.PickleWrapper,io.cucumber.testng.FeatureWrapper)[pri:0, instance:TestRunner.testRunner_smoke@cecf639]" started-at="2024-10-06T11:45:01 IST" name="runScenario" description="Runs Cucumber Scenarios" data-provider="scenarios" finished-at="2024-10-06T11:45:13 IST" duration-ms="11952" status="PASS">
          <params>
            <param index="0">
              <value>
                <![CDATA["Verify Buy Journey of LR API via Add to Cart"]]>
              </value>
            </param>
            <param index="1">
              <value>
                <![CDATA["API Journey"]]>
              </value>
            </param>
          </params>
          <reporter-output>
          </reporter-output>
        </test-method> <!-- runScenario -->
        <test-method signature="runScenario(io.cucumber.testng.PickleWrapper,io.cucumber.testng.FeatureWrapper)[pri:0, instance:TestRunner.testRunner_smoke@cecf639]" started-at="2024-10-06T11:45:13 IST" name="runScenario" description="Runs Cucumber Scenarios" data-provider="scenarios" finished-at="2024-10-06T11:45:19 IST" duration-ms="6142" status="PASS">
          <params>
            <param index="0">
              <value>
                <![CDATA["Verify Buy Journey of LR API via Express Checkout"]]>
              </value>
            </param>
            <param index="1">
              <value>
                <![CDATA["API Journey"]]>
              </value>
            </param>
          </params>
          <reporter-output>
          </reporter-output>
        </test-method> <!-- runScenario -->
        <test-method signature="runScenario(io.cucumber.testng.PickleWrapper,io.cucumber.testng.FeatureWrapper)[pri:0, instance:TestRunner.testRunner_smoke@cecf639]" started-at="2024-10-06T11:45:19 IST" name="runScenario" description="Runs Cucumber Scenarios" data-provider="scenarios" finished-at="2024-10-06T11:45:21 IST" duration-ms="1570" status="PASS">
          <params>
            <param index="0">
              <value>
                <![CDATA["Verify User Can Add Review to a Product"]]>
              </value>
            </param>
            <param index="1">
              <value>
                <![CDATA["API Journey"]]>
              </value>
            </param>
          </params>
          <reporter-output>
          </reporter-output>
        </test-method> <!-- runScenario -->
        <test-method signature="runScenario(io.cucumber.testng.PickleWrapper,io.cucumber.testng.FeatureWrapper)[pri:0, instance:TestRunner.testRunner_smoke@cecf639]" started-at="2024-10-06T11:45:21 IST" name="runScenario" description="Runs Cucumber Scenarios" data-provider="scenarios" finished-at="2024-10-06T11:45:24 IST" duration-ms="3337" status="PASS">
          <params>
            <param index="0">
              <value>
                <![CDATA["Verify Customer Registration Journey"]]>
              </value>
            </param>
            <param index="1">
              <value>
                <![CDATA["API Journey"]]>
              </value>
            </param>
          </params>
          <reporter-output>
          </reporter-output>
        </test-method> <!-- runScenario -->
        <test-method signature="runScenario(io.cucumber.testng.PickleWrapper,io.cucumber.testng.FeatureWrapper)[pri:0, instance:TestRunner.testRunner_smoke@cecf639]" started-at="2024-10-06T11:45:24 IST" name="runScenario" description="Runs Cucumber Scenarios" data-provider="scenarios" finished-at="2024-10-06T11:45:25 IST" duration-ms="833" status="PASS">
          <params>
            <param index="0">
              <value>
                <![CDATA["Verify User Can View Products in VI_SHOP"]]>
              </value>
            </param>
            <param index="1">
              <value>
                <![CDATA["API Journey"]]>
              </value>
            </param>
          </params>
          <reporter-output>
          </reporter-output>
        </test-method> <!-- runScenario -->
        <test-method signature="runScenario(io.cucumber.testng.PickleWrapper,io.cucumber.testng.FeatureWrapper)[pri:0, instance:TestRunner.testRunner_smoke@cecf639]" started-at="2024-10-06T11:45:25 IST" name="runScenario" description="Runs Cucumber Scenarios" data-provider="scenarios" finished-at="2024-10-06T11:45:26 IST" duration-ms="1416" status="PASS">
          <params>
            <param index="0">
              <value>
                <![CDATA["Verify User Can View Searched Keyword History in VI_SHOP"]]>
              </value>
            </param>
            <param index="1">
              <value>
                <![CDATA["API Journey"]]>
              </value>
            </param>
          </params>
          <reporter-output>
          </reporter-output>
        </test-method> <!-- runScenario -->
        <test-method signature="runScenario(io.cucumber.testng.PickleWrapper,io.cucumber.testng.FeatureWrapper)[pri:0, instance:TestRunner.testRunner_smoke@cecf639]" started-at="2024-10-06T11:45:26 IST" name="runScenario" description="Runs Cucumber Scenarios" data-provider="scenarios" finished-at="2024-10-06T11:45:29 IST" duration-ms="2851" status="PASS">
          <params>
            <param index="0">
              <value>
                <![CDATA["Verify User Can View Categories and Subcategories in VI_SHOP"]]>
              </value>
            </param>
            <param index="1">
              <value>
                <![CDATA["API Journey"]]>
              </value>
            </param>
          </params>
          <reporter-output>
          </reporter-output>
        </test-method> <!-- runScenario -->
        <test-method signature="runScenario(io.cucumber.testng.PickleWrapper,io.cucumber.testng.FeatureWrapper)[pri:0, instance:TestRunner.testRunner_smoke@cecf639]" started-at="2024-10-06T11:45:29 IST" name="runScenario" description="Runs Cucumber Scenarios" data-provider="scenarios" finished-at="2024-10-06T11:46:27 IST" duration-ms="58213" status="PASS">
          <params>
            <param index="0">
              <value>
                <![CDATA["Fetch ALL API and check status code and health status."]]>
              </value>
            </param>
            <param index="1">
              <value>
                <![CDATA["API Journey"]]>
              </value>
            </param>
          </params>
          <reporter-output>
          </reporter-output>
        </test-method> <!-- runScenario -->
        <test-method signature="runScenario(io.cucumber.testng.PickleWrapper,io.cucumber.testng.FeatureWrapper)[pri:0, instance:TestRunner.testRunner_smoke@cecf639]" started-at="2024-10-06T11:46:27 IST" name="runScenario" description="Runs Cucumber Scenarios" data-provider="scenarios" finished-at="2024-10-06T11:46:29 IST" duration-ms="1261" status="PASS">
          <params>
            <param index="0">
              <value>
                <![CDATA["WishList Functionilty"]]>
              </value>
            </param>
            <param index="1">
              <value>
                <![CDATA["API Journey"]]>
              </value>
            </param>
          </params>
          <reporter-output>
          </reporter-output>
        </test-method> <!-- runScenario -->
        <test-method is-config="true" signature="tearDownClass()[pri:0, instance:TestRunner.testRunner_smoke@cecf639]" started-at="2024-10-06T11:46:29 IST" name="tearDownClass" finished-at="2024-10-06T11:46:29 IST" duration-ms="41" status="PASS">
          <reporter-output>
          </reporter-output>
        </test-method> <!-- tearDownClass -->
      </class> <!-- TestRunner.testRunner_smoke -->
    </test> <!-- Default test -->
  </suite> <!-- Default suite -->
</testng-results>
