<?xml version="1.0" encoding="UTF-8"?>
<!-- Generated by org.testng.reporters.JUnitReportReporter -->
<testsuite hostname="01HW2086661" failures="0" tests="1" name="TestRunner.testRunner_smoke" time="9.111" errors="1" timestamp="2024-08-16T22:15:27 IST" skipped="0">
  <testcase classname="TestRunner.testRunner_smoke" name="runScenario" time="9.111">
    <error message="Keys to send should be a not null CharSequence" type="java.lang.IllegalArgumentException">
      <![CDATA[java.lang.IllegalArgumentException: Keys to send should be a not null CharSequence
at org.openqa.selenium.remote.RemoteWebElement.sendKeys(RemoteWebElement.java:98)
at smoke.Login.enter_into_enter_email_mobile_and_click_on_otp(Login.java:29)
at ✽.Enter "vitechadmin2@liferay.com" into enter email mobile and click on OTP(file:///C:/Users/2494229/OneDrive%20-%20TCS%20COM%20PROD/Manoj_Bhole/Automation/git_cucumber/git/cucumber/./Features/smoke/lead_Journey.feature:23)
]]>
    </error>
  </testcase> <!-- runScenario -->
  <system-out/>
</testsuite> <!-- TestRunner.testRunner_smoke -->
